<?xml version="1.0" encoding="UTF-8"?>
<!-- Generated by org.testng.reporters.JUnitReportReporter -->
<testsuite hostname="DESKTOP-6EHLLUP" failures="0" tests="1" name="RestAssured.RestAssured.TC001_Get_API" time="2.761" errors="0" timestamp="2023-01-23T00:52:14 IST" skipped="0">
  <testcase classname="RestAssured.RestAssured.TC001_Get_API" name="checkWaether" time="2.761"/>
  <system-out/>
</testsuite> <!-- RestAssured.RestAssured.TC001_Get_API -->
